21/11/30 22:35:19 : Username and Password not accepted. Learn more at<EOL> https://support.google.com/mail/?p=BadCredentials b11sm13257145ede.62 - gsmtp<EOL>
21/11/30 22:37:08 : Username and Password not accepted. Learn more at<EOL> https://support.google.com/mail/?p=BadCredentials qa7sm10080686ejc.64 - gsmtp<EOL>
21/11/30 22:37:13 : Username and Password not accepted. Learn more at<EOL> https://support.google.com/mail/?p=BadCredentials yc24sm9456038ejb.104 - gsmtp<EOL>
21/11/30 22:37:53 : Username and Password not accepted. Learn more at<EOL> https://support.google.com/mail/?p=BadCredentials d1sm12614146edn.56 - gsmtp<EOL>
21/11/30 22:38:03 : Username and Password not accepted. Learn more at<EOL> https://support.google.com/mail/?p=BadCredentials w18sm11934552edx.55 - gsmtp<EOL>
21/11/30 22:38:06 : Username and Password not accepted. Learn more at<EOL> https://support.google.com/mail/?p=BadCredentials u16sm9628191ejy.16 - gsmtp<EOL>
21/11/30 22:40:12 : Username and Password not accepted. Learn more at<EOL> https://support.google.com/mail/?p=BadCredentials jx10sm9651352ejc.102 - gsmtp<EOL>
21/11/30 22:40:27 : Username and Password not accepted. Learn more at<EOL> https://support.google.com/mail/?p=BadCredentials h7sm14053323edb.89 - gsmtp<EOL>
21/11/30 22:40:32 : Username and Password not accepted. Learn more at<EOL> https://support.google.com/mail/?p=BadCredentials go10sm9859157ejc.115 - gsmtp<EOL>
21/11/30 22:41:38 : Username and Password not accepted. Learn more at<EOL> https://support.google.com/mail/?p=BadCredentials di4sm10026357ejc.11 - gsmtp<EOL>
21/11/30 22:41:45 : Username and Password not accepted. Learn more at<EOL> https://support.google.com/mail/?p=BadCredentials nc24sm5877973ejc.94 - gsmtp<EOL>
21/11/30 22:42:06 : Username and Password not accepted. Learn more at<EOL> https://support.google.com/mail/?p=BadCredentials gt18sm9731797ejc.88 - gsmtp<EOL>
21/11/30 22:42:12 : Username and Password not accepted. Learn more at<EOL> https://support.google.com/mail/?p=BadCredentials t20sm11990276edv.81 - gsmtp<EOL>
21/11/30 22:48:35 : Username and Password not accepted. Learn more at<EOL> https://support.google.com/mail/?p=BadCredentials 138sm3450594wma.17 - gsmtp<EOL>
21/11/30 22:49:18 : Username and Password not accepted. Learn more at<EOL> https://support.google.com/mail/?p=BadCredentials y15sm21845002wry.72 - gsmtp<EOL>
21/11/30 22:50:06 : Username and Password not accepted. Learn more at<EOL> https://support.google.com/mail/?p=BadCredentials p5sm18060960wrd.13 - gsmtp<EOL>
21/11/30 22:50:13 : Username and Password not accepted. Learn more at<EOL> https://support.google.com/mail/?p=BadCredentials g19sm3530193wmg.12 - gsmtp<EOL>
21/11/30 22:53:35 : Username and Password not accepted. Learn more at<EOL> https://support.google.com/mail/?p=BadCredentials t8sm4208691wmq.32 - gsmtp<EOL>
21/11/30 22:53:40 : Username and Password not accepted. Learn more at<EOL> https://support.google.com/mail/?p=BadCredentials t11sm17786026wrz.97 - gsmtp<EOL>
21/11/30 22:53:45 : Username and Password not accepted. Learn more at<EOL> https://support.google.com/mail/?p=BadCredentials m34sm4346837wms.25 - gsmtp<EOL>
21/11/30 22:53:46 : Username and Password not accepted. Learn more at<EOL> https://support.google.com/mail/?p=BadCredentials l5sm3999645wms.16 - gsmtp<EOL>
21/11/30 22:55:42 : Username and Password not accepted. Learn more at<EOL> https://support.google.com/mail/?p=BadCredentials ay29sm3357927wmb.44 - gsmtp<EOL>
21/11/30 22:55:46 : Username and Password not accepted. Learn more at<EOL> https://support.google.com/mail/?p=BadCredentials d15sm24081828wri.50 - gsmtp<EOL>
21/11/30 23:20:56 : Username and Password not accepted. Learn more at<EOL> https://support.google.com/mail/?p=BadCredentials m25sm11974246edj.80 - gsmtp<EOL>
21/11/30 23:21:01 : Username and Password not accepted. Learn more at<EOL> https://support.google.com/mail/?p=BadCredentials go10sm9890993ejc.115 - gsmtp<EOL>
21/11/30 23:21:56 : Username and Password not accepted. Learn more at<EOL> https://support.google.com/mail/?p=BadCredentials nd36sm10188474ejc.17 - gsmtp<EOL>
21/11/30 23:21:58 : Username and Password not accepted. Learn more at<EOL> https://support.google.com/mail/?p=BadCredentials co10sm12316999edb.83 - gsmtp<EOL>
21/11/30 23:25:55 : Username and Password not accepted. Learn more at<EOL> https://support.google.com/mail/?p=BadCredentials r62sm3195913wmr.35 - gsmtp<EOL>
21/11/30 23:26:00 : Username and Password not accepted. Learn more at<EOL> https://support.google.com/mail/?p=BadCredentials r62sm3196019wmr.35 - gsmtp<EOL>
21/11/30 23:26:19 : Username and Password not accepted. Learn more at<EOL> https://support.google.com/mail/?p=BadCredentials w4sm18342469wrs.88 - gsmtp<EOL>
21/11/30 23:27:21 : Username and Password not accepted. Learn more at<EOL> https://support.google.com/mail/?p=BadCredentials z15sm17322168wrr.65 - gsmtp<EOL>
21/11/30 23:29:26 : Username and Password not accepted. Learn more at<EOL> https://support.google.com/mail/?p=BadCredentials o25sm4034157wms.17 - gsmtp<EOL>
21/11/30 23:29:30 : Username and Password not accepted. Learn more at<EOL> https://support.google.com/mail/?p=BadCredentials f19sm4331918wmq.34 - gsmtp<EOL>
21/11/30 23:29:56 : Username and Password not accepted. Learn more at<EOL> https://support.google.com/mail/?p=BadCredentials e12sm23294546wrq.20 - gsmtp<EOL>
21/11/30 23:30:21 : Username and Password not accepted. Learn more at<EOL> https://support.google.com/mail/?p=BadCredentials z14sm18650467wrp.70 - gsmtp<EOL>
21/12/13 12:16:25 : Message is missing recipient's address
22/04/28 03:44:13 : Username and Password not accepted. Learn more at<EOL> https://support.google.com/mail/?p=BadCredentials m8-20020a05600c4f4800b00393ed334220sm3035856wmq.42 - gsmtp<EOL>
22/04/28 03:44:56 : Username and Password not accepted. Learn more at<EOL> https://support.google.com/mail/?p=BadCredentials i27-20020a1c541b000000b003928e866d32sm2818055wmb.37 - gsmtp<EOL>
22/04/28 03:46:05 : Username and Password not accepted. Learn more at<EOL> https://support.google.com/mail/?p=BadCredentials k11-20020a5d6d4b000000b0020599079f68sm15080256wri.106 - gsmtp<EOL>
22/04/28 03:48:04 : Username and Password not accepted. Learn more at<EOL> https://support.google.com/mail/?p=BadCredentials n10-20020a5d588a000000b002052e4aaf89sm15171138wrf.80 - gsmtp<EOL>
22/05/05 13:02:07 : Socket Error # 10054<EOL>Connection reset by peer.
22/08/10 13:20:21 : Username and Password not accepted. Learn more at<EOL> https://support.google.com/mail/?p=BadCredentials f8-20020a05600c154800b003a540fef440sm2616791wmg.1 - gsmtp<EOL>
22/08/10 13:21:43 : Username and Password not accepted. Learn more at<EOL> https://support.google.com/mail/?p=BadCredentials o13-20020a05600c058d00b003a2ed2a40e4sm2223750wmd.17 - gsmtp<EOL>
22/08/10 13:22:30 : Username and Password not accepted. Learn more at<EOL> https://support.google.com/mail/?p=BadCredentials n18-20020a05600c4f9200b003a1980d55c4sm2506421wmq.47 - gsmtp<EOL>
22/08/10 13:23:15 : Username and Password not accepted. Learn more at<EOL> https://support.google.com/mail/?p=BadCredentials g6-20020a5d5406000000b0021e491fd250sm16345517wrv.89 - gsmtp<EOL>
22/08/10 13:24:52 : Username and Password not accepted. Learn more at<EOL> https://support.google.com/mail/?p=BadCredentials t11-20020a5d534b000000b00222c96d8656sm8529953wrv.114 - gsmtp<EOL>
22/08/10 13:29:11 : Username and Password not accepted. Learn more at<EOL> https://support.google.com/mail/?p=BadCredentials w13-20020adff9cd000000b0021db7b0162esm16557037wrr.105 - gsmtp<EOL>
22/08/10 13:36:33 : Username and Password not accepted. Learn more at<EOL> https://support.google.com/mail/?p=BadCredentials d1-20020a5d6441000000b0021eb309c97dsm16226354wrw.25 - gsmtp<EOL>
22/08/10 13:37:55 : Username and Password not accepted. Learn more at<EOL> https://support.google.com/mail/?p=BadCredentials n1-20020a5d6b81000000b002207a5d8db3sm15963382wrx.73 - gsmtp<EOL>
22/08/10 13:45:57 : Username and Password not accepted. Learn more at<EOL> https://support.google.com/mail/?p=BadCredentials es25-20020a056402381900b0043a61f6c389sm7571401edb.4 - gsmtp<EOL>
22/08/10 13:47:17 : Username and Password not accepted. Learn more at<EOL> https://support.google.com/mail/?p=BadCredentials q19-20020a17090676d300b00730ad7c0d42sm2246987ejn.207 - gsmtp<EOL>
22/08/10 13:48:45 : Username and Password not accepted. Learn more at<EOL> https://support.google.com/mail/?p=BadCredentials j10-20020a17090623ea00b00711edab7622sm2255635ejg.40 - gsmtp<EOL>
22/08/10 13:51:33 : Username and Password not accepted. Learn more at<EOL> https://support.google.com/mail/?p=BadCredentials v20-20020a1cf714000000b003a5125049c9sm2943543wmh.9 - gsmtp<EOL>
22/08/10 13:54:27 : Username and Password not accepted. Learn more at<EOL> https://support.google.com/mail/?p=BadCredentials s3-20020a05600c29c300b003a32251c3f0sm2185594wmd.33 - gsmtp<EOL>
22/08/10 13:56:09 : Username and Password not accepted. Learn more at<EOL> https://support.google.com/mail/?p=BadCredentials j4-20020a05600c1c0400b003a31fd05e0fsm7366871wms.2 - gsmtp<EOL>
22/08/10 14:03:07 : Username and Password not accepted. Learn more at<EOL> https://support.google.com/mail/?p=BadCredentials t24-20020a1c7718000000b003a501ad8648sm2178653wmi.40 - gsmtp<EOL>
22/08/10 14:03:43 : Username and Password not accepted. Learn more at<EOL> https://support.google.com/mail/?p=BadCredentials i12-20020a1c540c000000b00397402ae674sm2347817wmb.11 - gsmtp<EOL>
